{"timestamp": "2025-09-18T18:41:32.545885", "level": "INFO", "message": "Sistema de registro de logs configurado", "run_id": "20250918_184132", "log_file": "logs/gui/rag_system_20250918_184132.log", "debug": false, "max_file_size": 10485760, "backup_count": 5}
{"timestamp": "2025-09-18T18:41:32.546140", "level": "INFO", "log_domain": "streamlit_utils", "function": "initialize_logging_session", "message": "--- Logger inicializado ---", "caller": "gui.streamlit_utils"}
{"timestamp": "2025-09-18T18:41:32.548291", "level": "INFO", "log_domain": "streamlit_utils", "function": "load_configuration", "message": "Tentando carregar a configura\u00e7\u00e3o da aplica\u00e7\u00e3o (dados cacheados)", "caller": "gui.streamlit_utils"}
{"timestamp": "2025-09-18T18:41:32.548828", "level": "INFO", "log_domain": "streamlit_utils", "function": "get_config_manager", "message": "Criando e cacheando inst\u00e2ncia ConfigManager para o caminho padr\u00e3o.", "caller": "gui.streamlit_utils"}
{"timestamp": "2025-09-18T18:41:32.549114", "level": "INFO", "log_domain": "config_manager", "function": "__init__", "message": "ConfigManager inicializado para o caminho: /workspaces/SiteICAgente/rag/config.toml", "caller": "src.config.config_manager"}
{"timestamp": "2025-09-18T18:41:32.549799", "level": "INFO", "log_domain": "config_manager", "function": "load_config", "message": "Carregando configura\u00e7\u00e3o de: /workspaces/SiteICAgente/rag/config.toml (com tomlkit)", "caller": "src.config.config_manager"}
{"timestamp": "2025-09-18T18:41:32.580067", "level": "INFO", "log_domain": "config_manager", "function": "load_config", "message": "Configura\u00e7\u00e3o carregada e validada com sucesso.", "caller": "src.config.config_manager"}
{"timestamp": "2025-09-18T18:41:32.580522", "level": "INFO", "log_domain": "streamlit_utils", "function": "load_configuration", "message": "Configura\u00e7\u00e3o carregada com sucesso.", "caller": "gui.streamlit_utils"}
{"timestamp": "2025-09-18T18:41:32.580805", "level": "INFO", "log_domain": "streamlit_utils", "function": "load_configuration", "message": "CUDA Availability Check: False", "caller": "gui.streamlit_utils"}
{"timestamp": "2025-09-18T18:41:32.582263", "level": "INFO", "log_domain": "streamlit_utils", "function": "get_domain_manager", "message": "Criando inst\u00e2ncia DomainManager (cacheada)", "caller": "gui.streamlit_utils"}
{"timestamp": "2025-09-18T18:41:32.582714", "level": "INFO", "log_domain": "utils", "function": "__init__", "message": "Inicializando o SQLiteManager", "caller": "src.utils.sqlite_manager"}
{"timestamp": "2025-09-18T18:41:32.583219", "level": "INFO", "log_domain": "utils", "function": "__init__", "message": "Inicializando DomainManager", "caller": "src.utils.domain_manager"}
{"timestamp": "2025-09-18T18:41:32.586222", "level": "INFO", "log_domain": "utils", "function": "list_domains", "message": "Listando dominios de conhecimento", "caller": "src.utils.domain_manager"}
{"timestamp": "2025-09-18T18:41:32.586709", "level": "INFO", "log_domain": "utils", "function": "get_connection", "message": "Banco de dados de controle nao encontrado em storage/domains/control.db. Inicializando o banco de dados de controle...", "caller": "src.utils.sqlite_manager"}
{"timestamp": "2025-09-18T18:41:32.586928", "level": "WARNING", "log_domain": "utils", "function": "_create_database", "message": "Tentando criar o banco de dados em storage/domains/control.db usando o schema storage/schemas/control_schema.sql", "caller": "src.utils.sqlite_manager"}
{"timestamp": "2025-09-18T18:41:32.587882", "level": "INFO", "log_domain": "utils", "function": "_create_database", "message": "Diretorio do banco de dados nao existe. Criando: storage/domains", "caller": "src.utils.sqlite_manager"}
{"timestamp": "2025-09-18T18:41:32.604367", "level": "INFO", "log_domain": "utils", "function": "_create_database", "message": "Banco de dados criado com sucesso em storage/domains/control.db", "caller": "src.utils.sqlite_manager"}
{"timestamp": "2025-09-18T18:41:32.604567", "level": "INFO", "log_domain": "utils", "function": "get_connection", "message": "Conectando ao banco de dados de controle em: storage/domains/control.db", "caller": "src.utils.sqlite_manager"}
{"timestamp": "2025-09-18T18:41:32.605123", "level": "INFO", "log_domain": "utils", "function": "list_domains", "message": "Nenhum dominio encontrado no banco de dados.", "caller": "src.utils.domain_manager"}
{"timestamp": "2025-09-18T18:41:53.917361", "level": "INFO", "log_domain": "utils", "function": "list_domains", "message": "Listando dominios de conhecimento", "caller": "src.utils.domain_manager"}
{"timestamp": "2025-09-18T18:41:53.918019", "level": "INFO", "log_domain": "utils", "function": "get_connection", "message": "Conectando ao banco de dados de controle em: storage/domains/control.db", "caller": "src.utils.sqlite_manager"}
{"timestamp": "2025-09-18T18:41:53.920210", "level": "INFO", "log_domain": "utils", "function": "list_domains", "message": "Nenhum dominio encontrado no banco de dados.", "caller": "src.utils.domain_manager"}
